2024-02-04 11:36:03,383 ERROR [Thread-3] Session logger [FileThreadFactory.java:164] Could not establish connection to database
org.h2.jdbc.JdbcSQLNonTransientConnectionException: Connection is broken: "java.net.ConnectException: Connection refused: no further information: localhost" [90067-224]
	at org.h2.message.DbException.getJdbcSQLException(DbException.java:690)
	at org.h2.message.DbException.getJdbcSQLException(DbException.java:489)
	at org.h2.message.DbException.get(DbException.java:212)
	at org.h2.engine.SessionRemote.connectServer(SessionRemote.java:442)
	at org.h2.engine.SessionRemote.connectEmbeddedOrServer(SessionRemote.java:330)
	at org.h2.jdbc.JdbcConnection.<init>(JdbcConnection.java:125)
	at org.h2.Driver.connect(Driver.java:59)
	at java.sql/java.sql.DriverManager.getConnection(DriverManager.java:683)
	at java.sql/java.sql.DriverManager.getConnection(DriverManager.java:230)
	at main.hr.production.app/main.hr.production.database.DatabaseUtils.startConnection(DatabaseUtils.java:35)
	at main.hr.production.app/main.hr.production.threads.FileThreadFactory$11.run(FileThreadFactory.java:162)
	at java.base/java.lang.Thread.run(Thread.java:1583)
Caused by: java.net.ConnectException: Connection refused: no further information
	at java.base/sun.nio.ch.Net.pollConnect(Native Method)
	at java.base/sun.nio.ch.Net.pollConnectNow(Net.java:682)
	at java.base/sun.nio.ch.NioSocketImpl.timedFinishConnect(NioSocketImpl.java:542)
	at java.base/sun.nio.ch.NioSocketImpl.connect(NioSocketImpl.java:592)
	at java.base/java.net.SocksSocketImpl.connect(SocksSocketImpl.java:327)
	at java.base/java.net.Socket.connect(Socket.java:751)
	at org.h2.util.NetUtils.createSocket(NetUtils.java:135)
	at org.h2.util.NetUtils.createSocket(NetUtils.java:99)
	at org.h2.engine.SessionRemote.initTransfer(SessionRemote.java:130)
	at org.h2.engine.SessionRemote.connectServer(SessionRemote.java:438)
	... 8 common frames omitted
2024-02-04 11:36:16,435 INFO [Thread-4] Session logger [FileThreadFactory.java:186]  ACCOUNT: admin has logged in
2024-02-04 11:38:05,240 INFO [JavaFX Application Thread] Session logger [MenuBarController.java:149]  ACCOUNT: admin (admin)has logged out of Application
2024-02-04 11:38:10,605 INFO [Thread-25] Session logger [FileThreadFactory.java:186]  ACCOUNT: admin has logged in
2024-02-04 11:38:13,229 INFO [JavaFX Application Thread] Session logger [MenuBarController.java:149]  ACCOUNT: admin (admin)has logged out of Application
2024-02-04 11:38:31,254 INFO [Thread-3] Session logger [FileThreadFactory.java:186]  ACCOUNT: admin has logged in
2024-02-04 11:38:34,109 INFO [JavaFX Application Thread] Session logger [MenuBarController.java:149]  ACCOUNT: admin (admin)has logged out of Application
2024-02-04 11:38:45,447 INFO [Thread-3] Session logger [FileThreadFactory.java:186]  ACCOUNT: admin has logged in
2024-02-04 11:38:50,357 INFO [JavaFX Application Thread] Session logger [MenuBarController.java:149]  ACCOUNT: admin (admin)has logged out of Application
2024-02-04 11:38:59,208 INFO [Thread-3] Session logger [FileThreadFactory.java:186]  ACCOUNT: admin has logged in
2024-02-04 11:39:07,782 INFO [JavaFX Application Thread] Session logger [MenuBarController.java:149]  ACCOUNT: admin (admin)has logged out of Application
